AsteroidesC31/app/build/outputs/logs/manifest-merger-debug-report.txt
-- Merging decision tree log ---
manifest
ADDED from src\main\AndroidManifest.xml:2:1-20:12
	xmlns:android
		ADDED from src\main\AndroidManifest.xml:2:11-69
	package
		ADDED from src\main\AndroidManifest.xml:3:2-34
		INJECTED from src\main\AndroidManifest.xml
		INJECTED from src\main\AndroidManifest.xml
	android:versionName
		ADDED from src\main\AndroidManifest.xml:4:2-27
		INJECTED from src\main\AndroidManifest.xml
		INJECTED from src\main\AndroidManifest.xml
	android:versionCode
		ADDED from src\main\AndroidManifest.xml:3:35-58
		INJECTED from src\main\AndroidManifest.xml
		INJECTED from src\main\AndroidManifest.xml
uses-sdk
ADDED from src\main\AndroidManifest.xml:5:2-40
	android:targetSdkVersion
		INJECTED from src\main\AndroidManifest.xml
		INJECTED from src\main\AndroidManifest.xml
	android:minSdkVersion
		ADDED from src\main\AndroidManifest.xml:5:12-37
		INJECTED from src\main\AndroidManifest.xml
		INJECTED from src\main\AndroidManifest.xml
application
ADDED from src\main\AndroidManifest.xml:7:2-19:16
	android:label
		ADDED from src\main\AndroidManifest.xml:7:45-77
	android:icon
		ADDED from src\main\AndroidManifest.xml:7:15-44
activity#org.example.asteroides.Asteroides
ADDED from src\main\AndroidManifest.xml:8:3-13:14
	android:label
		ADDED from src\main\AndroidManifest.xml:8:40-72
	android:name
		ADDED from src\main\AndroidManifest.xml:8:13-39
intent-filter#android.intent.action.MAIN+android.intent.category.LAUNCHER
ADDED from src\main\AndroidManifest.xml:9:4-12:20
action#android.intent.action.MAIN
ADDED from src\main\AndroidManifest.xml:10:5-57
	android:name
		ADDED from src\main\AndroidManifest.xml:10:13-54
category#android.intent.category.LAUNCHER
ADDED from src\main\AndroidManifest.xml:11:5-65
	android:name
		ADDED from src\main\AndroidManifest.xml:11:15-62
activity#org.example.asteroides.AcercaDe
ADDED from src\main\AndroidManifest.xml:14:3-15:59
	android:label
		ADDED from src\main\AndroidManifest.xml:14:37-65
	android:theme
		ADDED from src\main\AndroidManifest.xml:15:4-47
	android:name
		ADDED from src\main\AndroidManifest.xml:14:13-36
activity#org.example.asteroides.Preferencias
ADDED from src\main\AndroidManifest.xml:16:3-81
	android:label
		ADDED from src\main\AndroidManifest.xml:16:41-69
	android:name
		ADDED from src\main\AndroidManifest.xml:16:13-40
activity#org.example.asteroides.Juego
ADDED from src\main\AndroidManifest.xml:17:3-18:80
	android:screenOrientation
		ADDED from src\main\AndroidManifest.xml:17:34-70
	android:theme
		ADDED from src\main\AndroidManifest.xml:18:4-68
	android:name
		ADDED from src\main\AndroidManifest.xml:17:13-33